Arguments: 
  C:\Program Files\nodejs\node.exe C:\Program Files (x86)\Yarn\bin\yarn.js add font-awesome moment slickgrid jquery

PATH: 
  C:\cmder\vendor\conemu-maximus5\ConEmu\Scripts;C:\cmder\vendor\conemu-maximus5;C:\cmder\vendor\conemu-maximus5\ConEmu;C:\WINDOWS\system32;C:\WINDOWS;C:\WINDOWS\System32\Wbem;C:\WINDOWS\System32\WindowsPowerShell\v1.0\;C:\Program Files\Git\cmd;C:\Program Files\nodejs\;C:\Program Files (x86)\Yarn\bin;C:\Users\Ghislain Beaulac\AppData\Local\Microsoft\WindowsApps;C:\Users\Ghislain Beaulac\AppData\Local\atom\bin;C:\Users\Ghislain Beaulac\AppData\Local\Microsoft\WindowsApps;C:\Program Files\Microsoft VS Code Insiders\bin;C:\Users\Ghislain Beaulac\AppData\Roaming\npm;C:\Users\Ghislain Beaulac\AppData\Local\Yarn\bin

Yarn version: 
  1.1.0

Node version: 
  8.6.0

Platform: 
  win32 x64

npm manifest: 
  {
    "name": "slickgrid-test-cli",
    "description": "An Aurelia client application.",
    "version": "0.1.0",
    "repository": {
      "type": "???",
      "url": "???"
    },
    "license": "MIT",
    "dependencies": {
      "aurelia-bootstrapper": "^2.1.1",
      "aurelia-animator-css": "^1.0.2",
      "bluebird": "^3.4.1",
      "requirejs": "^2.3.2",
      "text": "github:requirejs/text#latest"
    },
    "peerDependencies": {},
    "devDependencies": {
      "aurelia-cli": "^0.31.3",
      "aurelia-testing": "^1.0.0-beta.3.0.1",
      "aurelia-tools": "^1.0.0",
      "gulp": "github:gulpjs/gulp#4.0",
      "minimatch": "^3.0.2",
      "through2": "^2.0.1",
      "uglify-js": "^3.0.19",
      "vinyl-fs": "^2.4.3",
      "babel-eslint": "^6.0.4",
      "babel-plugin-syntax-flow": "^6.8.0",
      "babel-plugin-transform-decorators-legacy": "^1.3.4",
      "babel-plugin-transform-es2015-modules-amd": "^6.8.0",
      "babel-plugin-transform-es2015-modules-commonjs": "^6.10.3",
      "babel-plugin-transform-flow-strip-types": "^6.8.0",
      "babel-preset-es2015": "^6.13.2",
      "babel-preset-stage-1": "^6.5.0",
      "babel-polyfill": "^6.9.1",
      "babel-register": "^6.24.0",
      "gulp-babel": "^6.1.2",
      "gulp-eslint": "^2.0.0",
      "gulp-htmlmin": "^3.0.0",
      "html-minifier": "^3.2.3",
      "jasmine-core": "^2.4.1",
      "karma": "^0.13.22",
      "karma-chrome-launcher": "^2.2.0",
      "karma-jasmine": "^1.0.2",
      "karma-sourcemap-loader": "^0.3.7",
      "karma-babel-preprocessor": "^6.0.1",
      "browser-sync": "^2.13.0",
      "connect-history-api-fallback": "^1.2.0",
      "debounce": "^1.0.2",
      "gulp-changed-in-place": "^2.0.3",
      "gulp-plumber": "^1.1.0",
      "gulp-rename": "^1.2.2",
      "gulp-sourcemaps": "^2.0.0-alpha",
      "gulp-notify": "^2.2.0",
      "gulp-watch": "^4.3.11"
    }
  }

yarn manifest: 
  No manifest

Lockfile: 
  No lockfile

Trace: 
  Error: Hostname/IP doesn't match certificate's altnames: "Host: github.com. is not in the cert's altnames: DNS:secure.datavalet.io, DNS:www.secure.datavalet.io"
      at Object.checkServerIdentity (tls.js:222:17)
      at TLSSocket.<anonymous> (_tls_wrap.js:1110:29)
      at emitNone (events.js:105:13)
      at TLSSocket.emit (events.js:207:7)
      at TLSSocket._finishInit (_tls_wrap.js:638:8)
      at TLSWrap.ssl.onhandshakedone (_tls_wrap.js:468:38)
